<?xml version="1.0" encoding="UTF-8"?>
<coverage generated="1671991976065" clover="3.2.0">
  <project timestamp="1671991976065" name="All files">
    <metrics statements="701" coveredstatements="557" conditionals="454" coveredconditionals="340" methods="153" coveredmethods="119" elements="1308" coveredelements="1016" complexity="0" loc="701" ncloc="701" packages="5" files="14" classes="14"/>
    <package name="react-grid-layout">
      <metrics statements="5" coveredstatements="5" conditionals="0" coveredconditionals="0" methods="0" coveredmethods="0"/>
      <file name="index-dev.js" path="/home/sandun/projects/react-grid-layout/index-dev.js">
        <metrics statements="5" coveredstatements="5" conditionals="0" coveredconditionals="0" methods="0" coveredmethods="0"/>
        <line num="1" count="1" type="stmt"/>
        <line num="2" count="1" type="stmt"/>
        <line num="3" count="1" type="stmt"/>
        <line num="4" count="1" type="stmt"/>
        <line num="5" count="1" type="stmt"/>
      </file>
    </package>
    <package name="react-grid-layout.lib">
      <metrics statements="598" coveredstatements="473" conditionals="399" coveredconditionals="299" methods="108" coveredmethods="88"/>
      <file name="GridItem.jsx" path="/home/sandun/projects/react-grid-layout/lib/GridItem.jsx">
        <metrics statements="132" coveredstatements="108" conditionals="72" coveredconditionals="59" methods="20" coveredmethods="15"/>
        <line num="111" count="1" type="stmt"/>
        <line num="131" count="535" type="stmt"/>
        <line num="132" count="535" type="cond" truecount="2" falsecount="0"/>
        <line num="133" count="533" type="cond" truecount="4" falsecount="0"/>
        <line num="134" count="2" type="stmt"/>
        <line num="138" count="535" type="stmt"/>
        <line num="139" count="535" type="cond" truecount="2" falsecount="0"/>
        <line num="140" count="533" type="cond" truecount="4" falsecount="0"/>
        <line num="141" count="2" type="stmt"/>
        <line num="145" count="535" type="stmt"/>
        <line num="146" count="535" type="cond" truecount="2" falsecount="0"/>
        <line num="147" count="533" type="cond" truecount="4" falsecount="0"/>
        <line num="148" count="2" type="stmt"/>
        <line num="152" count="535" type="stmt"/>
        <line num="153" count="535" type="cond" truecount="2" falsecount="0"/>
        <line num="154" count="533" type="cond" truecount="4" falsecount="0"/>
        <line num="155" count="2" type="stmt"/>
        <line num="197" count="1" type="stmt"/>
        <line num="208" count="204" type="stmt"/>
        <line num="214" count="204" type="stmt"/>
        <line num="219" count="322" type="cond" truecount="2" falsecount="0"/>
        <line num="220" count="222" type="cond" truecount="2" falsecount="0"/>
        <line num="222" count="220" type="stmt"/>
        <line num="230" count="220" type="stmt"/>
        <line num="238" count="220" type="stmt"/>
        <line num="245" count="204" type="stmt"/>
        <line num="249" count="220" type="stmt"/>
        <line num="255" count="424" type="stmt"/>
        <line num="256" count="424" type="cond" truecount="2" falsecount="0"/>
        <line num="257" count="10" type="stmt"/>
        <line num="259" count="10" type="cond" truecount="1" falsecount="1"/>
        <line num="261" count="10" type="cond" truecount="2" falsecount="0"/>
        <line num="265" count="10" type="stmt"/>
        <line num="268" count="10" type="cond" truecount="3" falsecount="0"/>
        <line num="271" count="10" type="cond" truecount="2" falsecount="0"/>
        <line num="272" count="4" type="stmt"/>
        <line num="277" count="6" type="cond" truecount="2" falsecount="0"/>
        <line num="278" count="2" type="stmt"/>
        <line num="279" count="2" type="stmt"/>
        <line num="281" count="2" type="stmt"/>
        <line num="290" count="1294" type="stmt"/>
        <line num="311" count="424" type="stmt"/>
        <line num="315" count="424" type="cond" truecount="2" falsecount="0"/>
        <line num="316" count="221" type="stmt"/>
        <line num="319" count="203" type="stmt"/>
        <line num="322" count="203" type="cond" truecount="2" falsecount="0"/>
        <line num="323" count="188" type="stmt"/>
        <line num="324" count="188" type="stmt"/>
        <line num="328" count="424" type="stmt"/>
        <line num="340" count="424" type="stmt"/>
        <line num="380" count="424" type="stmt"/>
        <line num="381" count="424" type="stmt"/>
        <line num="384" count="424" type="stmt"/>
        <line num="393" count="424" type="stmt"/>
        <line num="394" count="424" type="stmt"/>
        <line num="395" count="424" type="stmt"/>
        <line num="396" count="424" type="stmt"/>
        <line num="400" count="424" type="stmt"/>
        <line num="428" count="204" type="stmt"/>
        <line num="429" count="4" type="stmt"/>
        <line num="430" count="4" type="cond" truecount="1" falsecount="1"/>
        <line num="432" count="4" type="stmt"/>
        <line num="435" count="4" type="stmt"/>
        <line num="436" count="4" type="cond" truecount="1" falsecount="1"/>
        <line num="437" count="4" type="stmt"/>
        <line num="438" count="4" type="stmt"/>
        <line num="439" count="4" type="stmt"/>
        <line num="440" count="4" type="stmt"/>
        <line num="441" count="4" type="stmt"/>
        <line num="442" count="4" type="stmt"/>
        <line num="443" count="4" type="stmt"/>
        <line num="444" count="4" type="stmt"/>
        <line num="445" count="4" type="stmt"/>
        <line num="448" count="4" type="stmt"/>
        <line num="456" count="4" type="stmt"/>
        <line num="468" count="204" type="stmt"/>
        <line num="472" count="4" type="stmt"/>
        <line num="473" count="4" type="cond" truecount="2" falsecount="0"/>
        <line num="475" count="3" type="cond" truecount="2" falsecount="0"/>
        <line num="476" count="1" type="stmt"/>
        <line num="478" count="2" type="stmt"/>
        <line num="479" count="2" type="stmt"/>
        <line num="481" count="2" type="stmt"/>
        <line num="482" count="2" type="stmt"/>
        <line num="485" count="2" type="cond" truecount="2" falsecount="0"/>
        <line num="486" count="1" type="stmt"/>
        <line num="488" count="1" type="cond" truecount="1" falsecount="1"/>
        <line num="489" count="1" type="stmt"/>
        <line num="491" count="1" type="stmt"/>
        <line num="492" count="1" type="stmt"/>
        <line num="494" count="1" type="stmt"/>
        <line num="496" count="1" type="stmt"/>
        <line num="497" count="1" type="stmt"/>
        <line num="501" count="2" type="stmt"/>
        <line num="502" count="2" type="stmt"/>
        <line num="505" count="2" type="stmt"/>
        <line num="506" count="2" type="stmt"/>
        <line num="518" count="204" type="stmt"/>
        <line num="519" count="0" type="stmt"/>
        <line num="520" count="0" type="cond" truecount="0" falsecount="2"/>
        <line num="522" count="0" type="cond" truecount="0" falsecount="2"/>
        <line num="523" count="0" type="stmt"/>
        <line num="525" count="0" type="stmt"/>
        <line num="526" count="0" type="stmt"/>
        <line num="527" count="0" type="stmt"/>
        <line num="528" count="0" type="stmt"/>
        <line num="530" count="0" type="stmt"/>
        <line num="532" count="0" type="stmt"/>
        <line num="544" count="204" type="stmt"/>
        <line num="548" count="0" type="stmt"/>
        <line num="556" count="204" type="stmt"/>
        <line num="560" count="0" type="stmt"/>
        <line num="568" count="204" type="stmt"/>
        <line num="572" count="0" type="stmt"/>
        <line num="588" count="0" type="stmt"/>
        <line num="589" count="0" type="cond" truecount="0" falsecount="2"/>
        <line num="590" count="0" type="stmt"/>
        <line num="591" count="0" type="stmt"/>
        <line num="594" count="0" type="stmt"/>
        <line num="603" count="0" type="stmt"/>
        <line num="606" count="0" type="stmt"/>
        <line num="609" count="0" type="stmt"/>
        <line num="610" count="0" type="stmt"/>
        <line num="612" count="0" type="cond" truecount="0" falsecount="2"/>
        <line num="614" count="0" type="stmt"/>
        <line num="627" count="424" type="stmt"/>
        <line num="629" count="424" type="stmt"/>
        <line num="637" count="424" type="stmt"/>
        <line num="640" count="424" type="stmt"/>
        <line num="664" count="424" type="stmt"/>
        <line num="667" count="424" type="stmt"/>
        <line num="669" count="424" type="stmt"/>
      </file>
      <file name="ReactGridLayout.jsx" path="/home/sandun/projects/react-grid-layout/lib/ReactGridLayout.jsx">
        <metrics statements="171" coveredstatements="98" conditionals="121" coveredconditionals="73" methods="26" coveredmethods="13"/>
        <line num="62" count="1" type="stmt"/>
        <line num="63" count="1" type="stmt"/>
        <line num="65" count="1" type="stmt"/>
        <line num="66" count="1" type="stmt"/>
        <line num="77" count="1" type="stmt"/>
        <line num="80" count="1" type="stmt"/>
        <line num="82" count="1" type="stmt"/>
        <line num="121" count="11" type="stmt"/>
        <line num="139" count="11" type="stmt"/>
        <line num="142" count="11" type="stmt"/>
        <line num="145" count="11" type="stmt"/>
        <line num="154" count="32" type="cond" truecount="2" falsecount="0"/>
        <line num="155" count="1" type="stmt"/>
        <line num="160" count="31" type="cond" truecount="2" falsecount="0"/>
        <line num="164" count="11" type="stmt"/>
        <line num="165" count="20" type="cond" truecount="1" falsecount="1"/>
        <line num="169" count="0" type="stmt"/>
        <line num="173" count="31" type="cond" truecount="2" falsecount="0"/>
        <line num="174" count="11" type="stmt"/>
        <line num="182" count="11" type="stmt"/>
        <line num="192" count="20" type="stmt"/>
        <line num="196" count="21" type="stmt"/>
        <line num="209" count="18" type="cond" truecount="2" falsecount="0"/>
        <line num="210" count="17" type="stmt"/>
        <line num="211" count="17" type="stmt"/>
        <line num="213" count="17" type="stmt"/>
        <line num="222" count="29" type="cond" truecount="1" falsecount="1"/>
        <line num="223" count="29" type="stmt"/>
        <line num="224" count="29" type="cond" truecount="2" falsecount="0"/>
        <line num="227" count="29" type="stmt"/>
        <line num="243" count="11" type="stmt"/>
        <line num="249" count="2" type="stmt"/>
        <line num="250" count="2" type="stmt"/>
        <line num="251" count="2" type="cond" truecount="1" falsecount="1"/>
        <line num="253" count="2" type="stmt"/>
        <line num="258" count="2" type="stmt"/>
        <line num="269" count="11" type="stmt"/>
        <line num="275" count="1" type="stmt"/>
        <line num="276" count="1" type="stmt"/>
        <line num="277" count="1" type="stmt"/>
        <line num="278" count="1" type="stmt"/>
        <line num="279" count="1" type="cond" truecount="1" falsecount="1"/>
        <line num="282" count="1" type="stmt"/>
        <line num="292" count="1" type="stmt"/>
        <line num="293" count="1" type="stmt"/>
        <line num="305" count="1" type="stmt"/>
        <line num="307" count="1" type="stmt"/>
        <line num="323" count="11" type="stmt"/>
        <line num="329" count="0" type="cond" truecount="0" falsecount="2"/>
        <line num="331" count="0" type="stmt"/>
        <line num="332" count="0" type="stmt"/>
        <line num="333" count="0" type="stmt"/>
        <line num="334" count="0" type="stmt"/>
        <line num="335" count="0" type="cond" truecount="0" falsecount="2"/>
        <line num="338" count="0" type="stmt"/>
        <line num="339" count="0" type="stmt"/>
        <line num="351" count="0" type="stmt"/>
        <line num="354" count="0" type="cond" truecount="0" falsecount="2"/>
        <line num="357" count="0" type="stmt"/>
        <line num="358" count="0" type="stmt"/>
        <line num="365" count="0" type="stmt"/>
        <line num="369" count="28" type="cond" truecount="1" falsecount="1"/>
        <line num="371" count="28" type="cond" truecount="2" falsecount="0"/>
        <line num="372" count="12" type="stmt"/>
        <line num="376" count="11" type="stmt"/>
        <line num="382" count="0" type="stmt"/>
        <line num="383" count="0" type="stmt"/>
        <line num="384" count="0" type="cond" truecount="0" falsecount="2"/>
        <line num="386" count="0" type="stmt"/>
        <line num="391" count="0" type="stmt"/>
        <line num="394" count="11" type="stmt"/>
        <line num="400" count="0" type="stmt"/>
        <line num="401" count="0" type="stmt"/>
        <line num="403" count="0" type="stmt"/>
        <line num="407" count="0" type="cond" truecount="0" falsecount="4"/>
        <line num="408" count="0" type="stmt"/>
        <line num="409" count="0" type="stmt"/>
        <line num="411" count="0" type="stmt"/>
        <line num="414" count="0" type="cond" truecount="0" falsecount="2"/>
        <line num="416" count="0" type="stmt"/>
        <line num="417" count="0" type="stmt"/>
        <line num="418" count="0" type="stmt"/>
        <line num="419" count="0" type="cond" truecount="0" falsecount="2"/>
        <line num="420" count="0" type="cond" truecount="0" falsecount="2"/>
        <line num="423" count="0" type="cond" truecount="0" falsecount="2"/>
        <line num="424" count="0" type="cond" truecount="0" falsecount="2"/>
        <line num="428" count="0" type="cond" truecount="0" falsecount="2"/>
        <line num="430" count="0" type="stmt"/>
        <line num="431" count="0" type="stmt"/>
        <line num="434" count="0" type="stmt"/>
        <line num="438" count="0" type="cond" truecount="0" falsecount="2"/>
        <line num="441" count="0" type="stmt"/>
        <line num="450" count="0" type="stmt"/>
        <line num="453" count="0" type="stmt"/>
        <line num="461" count="11" type="stmt"/>
        <line num="467" count="0" type="stmt"/>
        <line num="468" count="0" type="stmt"/>
        <line num="469" count="0" type="stmt"/>
        <line num="471" count="0" type="stmt"/>
        <line num="474" count="0" type="cond" truecount="0" falsecount="2"/>
        <line num="477" count="0" type="stmt"/>
        <line num="478" count="0" type="stmt"/>
        <line num="485" count="0" type="stmt"/>
        <line num="493" count="29" type="stmt"/>
        <line num="494" count="29" type="cond" truecount="2" falsecount="0"/>
        <line num="504" count="1" type="stmt"/>
        <line num="507" count="1" type="stmt"/>
        <line num="541" count="510" type="cond" truecount="4" falsecount="0"/>
        <line num="542" count="506" type="stmt"/>
        <line num="543" count="506" type="cond" truecount="1" falsecount="1"/>
        <line num="560" count="506" type="stmt"/>
        <line num="561" count="506" type="stmt"/>
        <line num="567" count="506" type="cond" truecount="2" falsecount="0"/>
        <line num="571" count="506" type="cond" truecount="1" falsecount="1"/>
        <line num="574" count="506" type="cond" truecount="2" falsecount="0"/>
        <line num="577" count="506" type="cond" truecount="2" falsecount="1"/>
        <line num="579" count="506" type="stmt"/>
        <line num="622" count="11" type="stmt"/>
        <line num="623" count="4" type="stmt"/>
        <line num="624" count="4" type="stmt"/>
        <line num="629" count="4" type="cond" truecount="1" falsecount="1"/>
        <line num="634" count="0" type="stmt"/>
        <line num="647" count="4" type="stmt"/>
        <line num="650" count="4" type="stmt"/>
        <line num="651" count="4" type="cond" truecount="2" falsecount="0"/>
        <line num="652" count="1" type="cond" truecount="1" falsecount="1"/>
        <line num="653" count="0" type="stmt"/>
        <line num="655" count="1" type="stmt"/>
        <line num="657" count="3" type="stmt"/>
        <line num="659" count="3" type="stmt"/>
        <line num="661" count="3" type="stmt"/>
        <line num="662" count="3" type="stmt"/>
        <line num="668" count="3" type="cond" truecount="2" falsecount="0"/>
        <line num="669" count="2" type="stmt"/>
        <line num="678" count="2" type="stmt"/>
        <line num="686" count="2" type="stmt"/>
        <line num="700" count="1" type="cond" truecount="1" falsecount="1"/>
        <line num="701" count="1" type="stmt"/>
        <line num="702" count="1" type="cond" truecount="1" falsecount="1"/>
        <line num="703" count="1" type="cond" truecount="1" falsecount="1"/>
        <line num="704" count="1" type="stmt"/>
        <line num="709" count="11" type="stmt"/>
        <line num="710" count="0" type="stmt"/>
        <line num="711" count="0" type="stmt"/>
        <line num="713" count="0" type="stmt"/>
        <line num="714" count="0" type="stmt"/>
        <line num="719" count="0" type="stmt"/>
        <line num="727" count="11" type="stmt"/>
        <line num="728" count="0" type="stmt"/>
        <line num="729" count="0" type="stmt"/>
        <line num="730" count="0" type="stmt"/>
        <line num="737" count="0" type="cond" truecount="0" falsecount="2"/>
        <line num="738" count="0" type="stmt"/>
        <line num="742" count="11" type="stmt"/>
        <line num="743" count="0" type="stmt"/>
        <line num="744" count="0" type="stmt"/>
        <line num="745" count="0" type="stmt"/>
        <line num="748" count="11" type="stmt"/>
        <line num="749" count="0" type="stmt"/>
        <line num="750" count="0" type="stmt"/>
        <line num="751" count="0" type="stmt"/>
        <line num="752" count="0" type="stmt"/>
        <line num="753" count="0" type="stmt"/>
        <line num="756" count="0" type="stmt"/>
        <line num="758" count="0" type="stmt"/>
        <line num="760" count="0" type="stmt"/>
        <line num="764" count="29" type="stmt"/>
        <line num="766" count="29" type="stmt"/>
        <line num="767" count="29" type="stmt"/>
        <line num="772" count="29" type="stmt"/>
        <line num="783" count="506" type="stmt"/>
      </file>
      <file name="ReactGridLayoutPropTypes.js" path="/home/sandun/projects/react-grid-layout/lib/ReactGridLayoutPropTypes.js">
        <metrics statements="14" coveredstatements="12" conditionals="10" coveredconditionals="6" methods="4" coveredmethods="4"/>
        <line num="49" count="1" type="stmt"/>
        <line num="54" count="1" type="stmt"/>
        <line num="129" count="21" type="cond" truecount="1" falsecount="1"/>
        <line num="133" count="0" type="stmt"/>
        <line num="149" count="21" type="stmt"/>
        <line num="151" count="21" type="cond" truecount="1" falsecount="1"/>
        <line num="152" count="21" type="stmt"/>
        <line num="230" count="21" type="stmt"/>
        <line num="233" count="21" type="stmt"/>
        <line num="234" count="21" type="stmt"/>
        <line num="235" count="326" type="cond" truecount="2" falsecount="0"/>
        <line num="236" count="322" type="cond" truecount="1" falsecount="1"/>
        <line num="237" count="0" type="stmt"/>
        <line num="243" count="322" type="stmt"/>
      </file>
      <file name="ResponsiveReactGridLayout.jsx" path="/home/sandun/projects/react-grid-layout/lib/ResponsiveReactGridLayout.jsx">
        <metrics statements="46" coveredstatements="43" conditionals="27" coveredconditionals="18" methods="10" coveredmethods="10"/>
        <line num="25" count="12" type="stmt"/>
        <line num="39" count="26" type="cond" truecount="1" falsecount="1"/>
        <line num="41" count="26" type="cond" truecount="2" falsecount="0"/>
        <line num="96" count="1" type="stmt"/>
        <line num="128" count="12" type="cond" truecount="1" falsecount="1"/>
        <line num="129" count="0" type="stmt"/>
        <line num="134" count="12" type="stmt"/>
        <line num="135" count="12" type="cond" truecount="1" falsecount="1"/>
        <line num="136" count="0" type="stmt"/>
        <line num="140" count="12" type="stmt"/>
        <line num="163" count="1" type="stmt"/>
        <line num="175" count="5" type="stmt"/>
        <line num="178" count="5" type="stmt"/>
        <line num="179" count="5" type="stmt"/>
        <line num="180" count="5" type="stmt"/>
        <line num="183" count="5" type="cond" truecount="1" falsecount="1"/>
        <line num="186" count="5" type="stmt"/>
        <line num="195" count="5" type="stmt"/>
        <line num="206" count="12" type="cond" truecount="2" falsecount="0"/>
        <line num="208" count="5" type="stmt"/>
        <line num="212" count="5" type="stmt"/>
        <line num="220" count="5" type="stmt"/>
        <line num="223" count="7" type="stmt"/>
        <line num="228" count="7" type="cond" truecount="2" falsecount="0"/>
        <line num="234" count="1" type="stmt"/>
        <line num="239" count="5" type="stmt"/>
        <line num="240" count="6" type="stmt"/>
        <line num="251" count="1" type="stmt"/>
        <line num="253" count="1" type="cond" truecount="1" falsecount="1"/>
        <line num="256" count="1" type="stmt"/>
        <line num="257" count="1" type="stmt"/>
        <line num="258" count="1" type="stmt"/>
        <line num="261" count="1" type="cond" truecount="1" falsecount="1"/>
        <line num="267" count="1" type="cond" truecount="1" falsecount="1"/>
        <line num="268" count="0" type="stmt"/>
        <line num="271" count="1" type="stmt"/>
        <line num="281" count="1" type="stmt"/>
        <line num="290" count="1" type="stmt"/>
        <line num="293" count="1" type="stmt"/>
        <line num="294" count="1" type="stmt"/>
        <line num="296" count="1" type="stmt"/>
        <line num="303" count="1" type="stmt"/>
        <line num="304" count="1" type="stmt"/>
        <line num="310" count="1" type="stmt"/>
        <line num="331" count="12" type="stmt"/>
        <line num="334" count="12" type="stmt"/>
      </file>
      <file name="calculateUtils.js" path="/home/sandun/projects/react-grid-layout/lib/calculateUtils.js">
        <metrics statements="33" coveredstatements="31" conditionals="10" coveredconditionals="9" methods="6" coveredmethods="6"/>
        <line num="15" count="2156" type="stmt"/>
        <line num="16" count="2156" type="stmt"/>
        <line num="31" count="4276" type="cond" truecount="2" falsecount="0"/>
        <line num="32" count="3430" type="stmt"/>
        <line num="55" count="2137" type="stmt"/>
        <line num="56" count="2137" type="stmt"/>
        <line num="57" count="2137" type="stmt"/>
        <line num="60" count="2137" type="cond" truecount="3" falsecount="1"/>
        <line num="61" count="0" type="stmt"/>
        <line num="62" count="0" type="stmt"/>
        <line num="66" count="2137" type="stmt"/>
        <line num="67" count="2137" type="stmt"/>
        <line num="71" count="2137" type="cond" truecount="4" falsecount="0"/>
        <line num="72" count="14" type="stmt"/>
        <line num="73" count="14" type="stmt"/>
        <line num="77" count="2123" type="stmt"/>
        <line num="78" count="2123" type="stmt"/>
        <line num="81" count="2137" type="stmt"/>
        <line num="100" count="11" type="stmt"/>
        <line num="101" count="11" type="stmt"/>
        <line num="110" count="11" type="stmt"/>
        <line num="111" count="11" type="stmt"/>
        <line num="114" count="11" type="stmt"/>
        <line num="115" count="11" type="stmt"/>
        <line num="116" count="11" type="stmt"/>
        <line num="135" count="3" type="stmt"/>
        <line num="136" count="3" type="stmt"/>
        <line num="141" count="3" type="stmt"/>
        <line num="142" count="3" type="stmt"/>
        <line num="145" count="3" type="stmt"/>
        <line num="146" count="3" type="stmt"/>
        <line num="147" count="3" type="stmt"/>
        <line num="156" count="30" type="stmt"/>
      </file>
      <file name="fastRGLPropsEqual.js" path="/home/sandun/projects/react-grid-layout/lib/fastRGLPropsEqual.js">
        <metrics statements="0" coveredstatements="0" conditionals="0" coveredconditionals="0" methods="0" coveredmethods="0"/>
      </file>
      <file name="responsiveUtils.js" path="/home/sandun/projects/react-grid-layout/lib/responsiveUtils.js">
        <metrics statements="23" coveredstatements="22" conditionals="10" coveredconditionals="7" methods="5" coveredmethods="5"/>
        <line num="34" count="5" type="stmt"/>
        <line num="35" count="5" type="stmt"/>
        <line num="36" count="5" type="stmt"/>
        <line num="37" count="20" type="stmt"/>
        <line num="38" count="20" type="cond" truecount="1" falsecount="1"/>
        <line num="40" count="5" type="stmt"/>
        <line num="53" count="6" type="cond" truecount="1" falsecount="1"/>
        <line num="54" count="0" type="stmt"/>
        <line num="60" count="6" type="stmt"/>
        <line num="86" count="11" type="cond" truecount="2" falsecount="0"/>
        <line num="88" count="1" type="stmt"/>
        <line num="89" count="1" type="stmt"/>
        <line num="90" count="1" type="stmt"/>
        <line num="93" count="1" type="stmt"/>
        <line num="94" count="2" type="stmt"/>
        <line num="95" count="2" type="cond" truecount="2" falsecount="0"/>
        <line num="96" count="1" type="stmt"/>
        <line num="97" count="1" type="stmt"/>
        <line num="100" count="1" type="cond" truecount="1" falsecount="1"/>
        <line num="101" count="1" type="stmt"/>
        <line num="114" count="6" type="stmt"/>
        <line num="115" count="6" type="stmt"/>
        <line num="116" count="24" type="stmt"/>
      </file>
      <file name="utils.js" path="/home/sandun/projects/react-grid-layout/lib/utils.js">
        <metrics statements="179" coveredstatements="159" conditionals="149" coveredconditionals="127" methods="37" coveredmethods="35"/>
        <line num="78" count="2" type="stmt"/>
        <line num="79" count="2" type="stmt"/>
        <line num="88" count="430" type="stmt"/>
        <line num="90" count="430" type="stmt"/>
        <line num="91" count="4782" type="stmt"/>
        <line num="92" count="4782" type="cond" truecount="2" falsecount="0"/>
        <line num="94" count="430" type="stmt"/>
        <line num="98" count="13" type="stmt"/>
        <line num="99" count="13" type="stmt"/>
        <line num="100" count="215" type="stmt"/>
        <line num="102" count="13" type="stmt"/>
        <line num="108" count="0" type="stmt"/>
        <line num="109" count="0" type="stmt"/>
        <line num="110" count="0" type="cond" truecount="0" falsecount="2"/>
        <line num="111" count="0" type="stmt"/>
        <line num="113" count="0" type="stmt"/>
        <line num="116" count="0" type="stmt"/>
        <line num="126" count="0" type="stmt"/>
        <line num="127" count="0" type="cond" truecount="0" falsecount="2"/>
        <line num="128" count="0" type="stmt"/>
        <line num="130" count="0" type="stmt"/>
        <line num="131" count="0" type="stmt"/>
        <line num="136" count="1032" type="stmt"/>
        <line num="161" count="20" type="stmt"/>
        <line num="162" count="344" type="stmt"/>
        <line num="163" count="344" type="stmt"/>
        <line num="176" count="2" type="stmt"/>
        <line num="180" count="220" type="stmt"/>
        <line num="192" count="18990" type="cond" truecount="2" falsecount="0"/>
        <line num="193" count="18905" type="cond" truecount="2" falsecount="0"/>
        <line num="194" count="10480" type="cond" truecount="2" falsecount="0"/>
        <line num="195" count="3018" type="cond" truecount="2" falsecount="0"/>
        <line num="196" count="868" type="cond" truecount="2" falsecount="0"/>
        <line num="197" count="706" type="stmt"/>
        <line num="217" count="35" type="stmt"/>
        <line num="219" count="35" type="stmt"/>
        <line num="221" count="35" type="stmt"/>
        <line num="223" count="35" type="stmt"/>
        <line num="224" count="436" type="stmt"/>
        <line num="227" count="436" type="cond" truecount="2" falsecount="0"/>
        <line num="228" count="412" type="stmt"/>
        <line num="232" count="412" type="stmt"/>
        <line num="236" count="436" type="stmt"/>
        <line num="239" count="436" type="stmt"/>
        <line num="242" count="35" type="stmt"/>
        <line num="245" count="2" type="stmt"/>
        <line num="255" count="368" type="stmt"/>
        <line num="256" count="368" type="stmt"/>
        <line num="257" count="368" type="stmt"/>
        <line num="259" count="8057" type="stmt"/>
        <line num="264" count="368" type="stmt"/>
        <line num="265" count="1765" type="stmt"/>
        <line num="267" count="1765" type="cond" truecount="2" falsecount="0"/>
        <line num="271" count="1635" type="cond" truecount="2" falsecount="0"/>
        <line num="273" count="1329" type="cond" truecount="2" falsecount="0"/>
        <line num="274" count="78" type="stmt"/>
        <line num="283" count="368" type="stmt"/>
        <line num="299" count="412" type="stmt"/>
        <line num="300" count="412" type="stmt"/>
        <line num="301" count="412" type="cond" truecount="2" falsecount="0"/>
        <line num="305" count="399" type="stmt"/>
        <line num="307" count="399" type="cond" truecount="2" falsecount="0"/>
        <line num="308" count="507" type="stmt"/>
        <line num="310" count="13" type="cond" truecount="2" falsecount="0"/>
        <line num="312" count="7" type="cond" truecount="2" falsecount="0"/>
        <line num="313" count="7" type="stmt"/>
        <line num="319" count="412" type="stmt"/>
        <line num="320" count="290" type="cond" truecount="2" falsecount="0"/>
        <line num="321" count="4" type="stmt"/>
        <line num="323" count="286" type="stmt"/>
        <line num="326" count="290" type="cond" truecount="3" falsecount="1"/>
        <line num="327" count="0" type="stmt"/>
        <line num="328" count="0" type="stmt"/>
        <line num="333" count="412" type="stmt"/>
        <line num="334" count="412" type="stmt"/>
        <line num="336" count="412" type="stmt"/>
        <line num="351" count="24" type="stmt"/>
        <line num="352" count="24" type="stmt"/>
        <line num="353" count="382" type="stmt"/>
        <line num="355" count="382" type="cond" truecount="1" falsecount="1"/>
        <line num="357" count="382" type="cond" truecount="1" falsecount="1"/>
        <line num="358" count="0" type="stmt"/>
        <line num="359" count="0" type="stmt"/>
        <line num="361" count="382" type="cond" truecount="2" falsecount="0"/>
        <line num="365" count="20" type="stmt"/>
        <line num="366" count="40" type="stmt"/>
        <line num="370" count="24" type="stmt"/>
        <line num="381" count="888" type="stmt"/>
        <line num="382" count="10312" type="cond" truecount="2" falsecount="0"/>
        <line num="398" count="1554" type="stmt"/>
        <line num="399" count="17537" type="cond" truecount="2" falsecount="0"/>
        <line num="407" count="122" type="stmt"/>
        <line num="416" count="818" type="stmt"/>
        <line num="442" count="25" type="cond" truecount="2" falsecount="2"/>
        <line num="445" count="25" type="cond" truecount="3" falsecount="1"/>
        <line num="447" count="25" type="stmt"/>
        <line num="450" count="25" type="stmt"/>
        <line num="451" count="25" type="stmt"/>
        <line num="454" count="25" type="cond" truecount="2" falsecount="0"/>
        <line num="455" count="25" type="cond" truecount="2" falsecount="0"/>
        <line num="456" count="25" type="stmt"/>
        <line num="462" count="25" type="stmt"/>
        <line num="464" count="25" type="cond" truecount="4" falsecount="0"/>
        <line num="470" count="25" type="cond" truecount="2" falsecount="0"/>
        <line num="471" count="25" type="stmt"/>
        <line num="472" count="25" type="stmt"/>
        <line num="476" count="25" type="cond" truecount="4" falsecount="0"/>
        <line num="479" count="2" type="stmt"/>
        <line num="480" count="23" type="cond" truecount="4" falsecount="0"/>
        <line num="484" count="2" type="stmt"/>
        <line num="485" count="2" type="stmt"/>
        <line num="486" count="2" type="stmt"/>
        <line num="487" count="2" type="stmt"/>
        <line num="488" count="2" type="stmt"/>
        <line num="492" count="21" type="stmt"/>
        <line num="493" count="15" type="stmt"/>
        <line num="494" count="15" type="stmt"/>
        <line num="499" count="15" type="cond" truecount="2" falsecount="0"/>
        <line num="502" count="13" type="cond" truecount="1" falsecount="1"/>
        <line num="503" count="0" type="stmt"/>
        <line num="512" count="13" type="stmt"/>
        <line num="523" count="21" type="stmt"/>
        <line num="542" count="13" type="stmt"/>
        <line num="544" count="13" type="stmt"/>
        <line num="545" count="13" type="stmt"/>
        <line num="550" count="13" type="cond" truecount="2" falsecount="0"/>
        <line num="552" count="9" type="stmt"/>
        <line num="555" count="9" type="stmt"/>
        <line num="564" count="9" type="cond" truecount="2" falsecount="0"/>
        <line num="565" count="3" type="stmt"/>
        <line num="568" count="3" type="stmt"/>
        <line num="581" count="10" type="stmt"/>
        <line num="600" count="376" type="stmt"/>
        <line num="605" count="221" type="stmt"/>
        <line num="606" count="221" type="stmt"/>
        <line num="619" count="203" type="stmt"/>
        <line num="638" count="60" type="cond" truecount="2" falsecount="0"/>
        <line num="639" count="55" type="cond" truecount="2" falsecount="0"/>
        <line num="640" count="6" type="stmt"/>
        <line num="650" count="50" type="stmt"/>
        <line num="651" count="1389" type="cond" truecount="5" falsecount="0"/>
        <line num="652" count="954" type="stmt"/>
        <line num="653" count="435" type="cond" truecount="4" falsecount="0"/>
        <line num="655" count="54" type="stmt"/>
        <line num="657" count="381" type="stmt"/>
        <line num="667" count="5" type="stmt"/>
        <line num="668" count="12" type="cond" truecount="5" falsecount="0"/>
        <line num="669" count="9" type="stmt"/>
        <line num="671" count="3" type="stmt"/>
        <line num="693" count="23" type="cond" truecount="1" falsecount="1"/>
        <line num="696" count="23" type="stmt"/>
        <line num="697" count="23" type="stmt"/>
        <line num="699" count="383" type="cond" truecount="2" falsecount="0"/>
        <line num="702" count="379" type="stmt"/>
        <line num="703" count="379" type="cond" truecount="2" falsecount="0"/>
        <line num="704" count="369" type="stmt"/>
        <line num="706" count="10" type="cond" truecount="3" falsecount="1"/>
        <line num="707" count="0" type="stmt"/>
        <line num="712" count="10" type="cond" truecount="1" falsecount="1"/>
        <line num="715" count="10" type="cond" truecount="1" falsecount="1"/>
        <line num="716" count="10" type="cond" truecount="1" falsecount="1"/>
        <line num="717" count="10" type="stmt"/>
        <line num="720" count="10" type="stmt"/>
        <line num="724" count="0" type="stmt"/>
        <line num="738" count="23" type="stmt"/>
        <line num="739" count="23" type="cond" truecount="1" falsecount="1"/>
        <line num="755" count="46" type="stmt"/>
        <line num="756" count="46" type="cond" truecount="1" falsecount="1"/>
        <line num="757" count="0" type="stmt"/>
        <line num="758" count="46" type="stmt"/>
        <line num="759" count="538" type="stmt"/>
        <line num="760" count="538" type="stmt"/>
        <line num="761" count="2152" type="cond" truecount="2" falsecount="0"/>
        <line num="762" count="1" type="stmt"/>
        <line num="780" count="26" type="cond" truecount="1" falsecount="1"/>
        <line num="781" count="26" type="cond" truecount="2" falsecount="0"/>
        <line num="785" count="45" type="cond" truecount="1" falsecount="1"/>
        <line num="787" count="0" type="stmt"/>
        <line num="790" count="2" type="stmt"/>
      </file>
    </package>
    <package name="react-grid-layout.lib.components">
      <metrics statements="21" coveredstatements="19" conditionals="10" coveredconditionals="9" methods="5" coveredmethods="4"/>
      <file name="WidthProvider.jsx" path="/home/sandun/projects/react-grid-layout/lib/components/WidthProvider.jsx">
        <metrics statements="21" coveredstatements="19" conditionals="10" coveredconditionals="9" methods="5" coveredmethods="4"/>
        <line num="30" count="1" type="stmt"/>
        <line num="41" count="3" type="stmt"/>
        <line num="45" count="3" type="stmt"/>
        <line num="49" count="3" type="stmt"/>
        <line num="55" count="8" type="stmt"/>
        <line num="59" count="8" type="stmt"/>
        <line num="60" count="8" type="stmt"/>
        <line num="63" count="8" type="stmt"/>
        <line num="64" count="8" type="stmt"/>
        <line num="68" count="8" type="stmt"/>
        <line num="72" count="0" type="stmt"/>
        <line num="73" count="0" type="stmt"/>
        <line num="76" count="8" type="stmt"/>
        <line num="77" count="15" type="cond" truecount="1" falsecount="1"/>
        <line num="78" count="15" type="stmt"/>
        <line num="81" count="15" type="cond" truecount="4" falsecount="0"/>
        <line num="82" count="2" type="stmt"/>
        <line num="87" count="14" type="stmt"/>
        <line num="88" count="14" type="cond" truecount="4" falsecount="0"/>
        <line num="89" count="1" type="stmt"/>
        <line num="99" count="13" type="stmt"/>
      </file>
    </package>
    <package name="react-grid-layout.test.examples">
      <metrics statements="64" coveredstatements="47" conditionals="28" coveredconditionals="15" methods="36" coveredmethods="23"/>
      <file name="0-showcase.jsx" path="/home/sandun/projects/react-grid-layout/test/examples/0-showcase.jsx">
        <metrics statements="24" coveredstatements="17" conditionals="12" coveredconditionals="6" methods="13" coveredmethods="8"/>
        <line num="8" count="1" type="stmt"/>
        <line num="24" count="1" type="stmt"/>
        <line num="31" count="1" type="stmt"/>
        <line num="39" count="1" type="stmt"/>
        <line num="43" count="2" type="stmt"/>
        <line num="44" count="50" type="stmt"/>
        <line num="61" count="1" type="stmt"/>
        <line num="62" count="0" type="stmt"/>
        <line num="67" count="1" type="stmt"/>
        <line num="68" count="0" type="stmt"/>
        <line num="70" count="0" type="cond" truecount="0" falsecount="2"/>
        <line num="75" count="0" type="stmt"/>
        <line num="78" count="1" type="stmt"/>
        <line num="79" count="1" type="stmt"/>
        <line num="82" count="1" type="stmt"/>
        <line num="83" count="0" type="stmt"/>
        <line num="88" count="1" type="stmt"/>
        <line num="89" count="0" type="stmt"/>
        <line num="94" count="2" type="stmt"/>
        <line num="130" count="1" type="stmt"/>
        <line num="131" count="25" type="stmt"/>
        <line num="132" count="25" type="stmt"/>
        <line num="143" count="1" type="cond" truecount="1" falsecount="1"/>
        <line num="144" count="0" type="stmt"/>
      </file>
      <file name="1-basic.jsx" path="/home/sandun/projects/react-grid-layout/test/examples/1-basic.jsx">
        <metrics statements="15" coveredstatements="13" conditionals="4" coveredconditionals="3" methods="9" coveredmethods="7"/>
        <line num="5" count="1" type="stmt"/>
        <line num="8" count="1" type="stmt"/>
        <line num="17" count="4" type="stmt"/>
        <line num="19" count="4" type="stmt"/>
        <line num="20" count="4" type="stmt"/>
        <line num="24" count="4" type="stmt"/>
        <line num="25" count="80" type="stmt"/>
        <line num="34" count="4" type="stmt"/>
        <line num="35" count="4" type="stmt"/>
        <line num="36" count="80" type="cond" truecount="2" falsecount="0"/>
        <line num="37" count="80" type="stmt"/>
        <line num="48" count="0" type="stmt"/>
        <line num="52" count="4" type="stmt"/>
        <line num="64" count="1" type="cond" truecount="1" falsecount="1"/>
        <line num="65" count="0" type="stmt"/>
      </file>
      <file name="15-drag-from-outside.jsx" path="/home/sandun/projects/react-grid-layout/test/examples/15-drag-from-outside.jsx">
        <metrics statements="25" coveredstatements="17" conditionals="12" coveredconditionals="6" methods="14" coveredmethods="8"/>
        <line num="4" count="1" type="stmt"/>
        <line num="7" count="1" type="stmt"/>
        <line num="14" count="3" type="stmt"/>
        <line num="22" count="3" type="stmt"/>
        <line num="26" count="6" type="stmt"/>
        <line num="27" count="150" type="stmt"/>
        <line num="44" count="3" type="stmt"/>
        <line num="45" count="0" type="stmt"/>
        <line num="50" count="3" type="stmt"/>
        <line num="51" count="0" type="stmt"/>
        <line num="53" count="0" type="cond" truecount="0" falsecount="2"/>
        <line num="58" count="0" type="stmt"/>
        <line num="61" count="3" type="stmt"/>
        <line num="62" count="5" type="stmt"/>
        <line num="65" count="3" type="stmt"/>
        <line num="66" count="0" type="stmt"/>
        <line num="71" count="3" type="stmt"/>
        <line num="72" count="0" type="stmt"/>
        <line num="76" count="6" type="stmt"/>
        <line num="98" count="0" type="stmt"/>
        <line num="125" count="3" type="stmt"/>
        <line num="126" count="75" type="stmt"/>
        <line num="127" count="75" type="stmt"/>
        <line num="138" count="1" type="cond" truecount="1" falsecount="1"/>
        <line num="139" count="0" type="stmt"/>
      </file>
    </package>
    <package name="react-grid-layout.test.util">
      <metrics statements="13" coveredstatements="13" conditionals="17" coveredconditionals="17" methods="4" coveredmethods="4"/>
      <file name="deepFreeze.js" path="/home/sandun/projects/react-grid-layout/test/util/deepFreeze.js">
        <metrics statements="13" coveredstatements="13" conditionals="17" coveredconditionals="17" methods="4" coveredmethods="4"/>
        <line num="13" count="8" type="stmt"/>
        <line num="14" count="8" type="cond" truecount="2" falsecount="0"/>
        <line num="15" count="5" type="stmt"/>
        <line num="21" count="7" type="cond" truecount="2" falsecount="0"/>
        <line num="23" count="6" type="cond" truecount="4" falsecount="0"/>
        <line num="24" count="2" type="stmt"/>
        <line num="28" count="4" type="cond" truecount="2" falsecount="0"/>
        <line num="34" count="1" type="stmt"/>
        <line num="38" count="3" type="stmt"/>
        <line num="42" count="8" type="cond" truecount="2" falsecount="0"/>
        <line num="43" count="7" type="stmt"/>
        <line num="49" count="1" type="stmt"/>
        <line num="53" count="8" type="stmt"/>
      </file>
    </package>
  </project>
</coverage>
