TN:
SF:index-dev.js
FNF:0
FNH:0
DA:1,1
DA:2,1
DA:3,1
DA:4,1
DA:5,1
LF:5
LH:5
BRF:0
BRH:0
end_of_record
TN:
SF:lib/GridItem.jsx
FN:130,(anonymous_0)
FN:137,(anonymous_1)
FN:144,(anonymous_2)
FN:151,(anonymous_3)
FN:216,(anonymous_4)
FN:244,(anonymous_5)
FN:248,(anonymous_6)
FN:254,(anonymous_7)
FN:289,(anonymous_8)
FN:310,(anonymous_9)
FN:336,(anonymous_10)
FN:365,(anonymous_11)
FN:428,(anonymous_12)
FN:468,(anonymous_13)
FN:518,(anonymous_14)
FN:544,(anonymous_15)
FN:556,(anonymous_16)
FN:568,(anonymous_17)
FN:583,(anonymous_18)
FN:617,(anonymous_19)
FNF:20
FNH:15
FNDA:535,(anonymous_0)
FNDA:535,(anonymous_1)
FNDA:535,(anonymous_2)
FNDA:535,(anonymous_3)
FNDA:322,(anonymous_4)
FNDA:204,(anonymous_5)
FNDA:220,(anonymous_6)
FNDA:424,(anonymous_7)
FNDA:1294,(anonymous_8)
FNDA:424,(anonymous_9)
FNDA:424,(anonymous_10)
FNDA:424,(anonymous_11)
FNDA:4,(anonymous_12)
FNDA:4,(anonymous_13)
FNDA:0,(anonymous_14)
FNDA:0,(anonymous_15)
FNDA:0,(anonymous_16)
FNDA:0,(anonymous_17)
FNDA:0,(anonymous_18)
FNDA:424,(anonymous_19)
DA:111,1
DA:131,535
DA:132,535
DA:133,533
DA:134,2
DA:138,535
DA:139,535
DA:140,533
DA:141,2
DA:145,535
DA:146,535
DA:147,533
DA:148,2
DA:152,535
DA:153,535
DA:154,533
DA:155,2
DA:197,1
DA:208,204
DA:214,204
DA:219,322
DA:220,222
DA:222,220
DA:230,220
DA:238,220
DA:245,204
DA:249,220
DA:255,424
DA:256,424
DA:257,10
DA:259,10
DA:261,10
DA:265,10
DA:268,10
DA:271,10
DA:272,4
DA:277,6
DA:278,2
DA:279,2
DA:281,2
DA:290,1294
DA:311,424
DA:315,424
DA:316,221
DA:319,203
DA:322,203
DA:323,188
DA:324,188
DA:328,424
DA:340,424
DA:380,424
DA:381,424
DA:384,424
DA:393,424
DA:394,424
DA:395,424
DA:396,424
DA:400,424
DA:428,204
DA:429,4
DA:430,4
DA:432,4
DA:435,4
DA:436,4
DA:437,4
DA:438,4
DA:439,4
DA:440,4
DA:441,4
DA:442,4
DA:443,4
DA:444,4
DA:445,4
DA:448,4
DA:456,4
DA:468,204
DA:472,4
DA:473,4
DA:475,3
DA:476,1
DA:478,2
DA:479,2
DA:481,2
DA:482,2
DA:485,2
DA:486,1
DA:488,1
DA:489,1
DA:491,1
DA:492,1
DA:494,1
DA:496,1
DA:497,1
DA:501,2
DA:502,2
DA:505,2
DA:506,2
DA:518,204
DA:519,0
DA:520,0
DA:522,0
DA:523,0
DA:525,0
DA:526,0
DA:527,0
DA:528,0
DA:530,0
DA:532,0
DA:544,204
DA:548,0
DA:556,204
DA:560,0
DA:568,204
DA:572,0
DA:588,0
DA:589,0
DA:590,0
DA:591,0
DA:594,0
DA:603,0
DA:606,0
DA:609,0
DA:610,0
DA:612,0
DA:614,0
DA:627,424
DA:629,424
DA:637,424
DA:640,424
DA:664,424
DA:667,424
DA:669,424
LF:132
LH:108
BRDA:132,0,0,2
BRDA:132,0,1,533
BRDA:133,1,0,2
BRDA:133,1,1,531
BRDA:133,2,0,533
BRDA:133,2,1,531
BRDA:139,3,0,2
BRDA:139,3,1,533
BRDA:140,4,0,2
BRDA:140,4,1,531
BRDA:140,5,0,533
BRDA:140,5,1,531
BRDA:146,6,0,2
BRDA:146,6,1,533
BRDA:147,7,0,2
BRDA:147,7,1,531
BRDA:147,8,0,533
BRDA:147,8,1,531
BRDA:153,9,0,2
BRDA:153,9,1,533
BRDA:154,10,0,2
BRDA:154,10,1,531
BRDA:154,11,0,533
BRDA:154,11,1,531
BRDA:219,12,0,100
BRDA:219,12,1,222
BRDA:220,13,0,2
BRDA:220,13,1,220
BRDA:239,14,0,220
BRDA:239,14,1,190
BRDA:256,15,0,414
BRDA:256,15,1,10
BRDA:259,16,0,0
BRDA:259,16,1,10
BRDA:261,17,0,10
BRDA:261,17,1,5
BRDA:268,18,0,10
BRDA:268,18,1,6
BRDA:268,18,2,8
BRDA:271,19,0,4
BRDA:271,19,1,6
BRDA:277,20,0,2
BRDA:277,20,1,4
BRDA:289,21,0,854
BRDA:315,22,0,221
BRDA:315,22,1,203
BRDA:322,23,0,188
BRDA:322,23,1,15
BRDA:349,24,0,0
BRDA:349,24,1,424
BRDA:406,25,0,388
BRDA:406,25,1,36
BRDA:430,26,0,0
BRDA:430,26,1,4
BRDA:436,27,0,0
BRDA:436,27,1,4
BRDA:473,28,0,1
BRDA:473,28,1,3
BRDA:475,29,0,1
BRDA:475,29,1,2
BRDA:485,30,0,1
BRDA:485,30,1,1
BRDA:488,31,0,1
BRDA:488,31,1,0
BRDA:520,32,0,0
BRDA:520,32,1,0
BRDA:522,33,0,0
BRDA:522,33,1,0
BRDA:589,34,0,0
BRDA:589,34,1,0
BRDA:612,35,0,0
BRDA:612,35,1,0
BRF:72
BRH:59
end_of_record
TN:
SF:lib/ReactGridLayout.jsx
FN:141,(anonymous_0)
FN:148,(anonymous_1)
FN:195,(anonymous_2)
FN:208,(anonymous_3)
FN:221,(anonymous_4)
FN:243,(anonymous_5)
FN:269,(anonymous_6)
FN:323,(anonymous_7)
FN:368,(anonymous_8)
FN:376,(anonymous_9)
FN:394,(anonymous_10)
FN:403,(anonymous_11)
FN:409,(anonymous_12)
FN:418,(anonymous_13)
FN:461,(anonymous_14)
FN:492,(anonymous_15)
FN:537,(anonymous_16)
FN:622,(anonymous_17)
FN:709,(anonymous_18)
FN:714,(anonymous_19)
FN:727,(anonymous_20)
FN:742,(anonymous_21)
FN:748,(anonymous_22)
FN:753,(anonymous_23)
FN:763,(anonymous_24)
FN:782,(anonymous_25)
FNF:26
FNH:13
FNDA:11,(anonymous_0)
FNDA:32,(anonymous_1)
FNDA:21,(anonymous_2)
FNDA:18,(anonymous_3)
FNDA:29,(anonymous_4)
FNDA:2,(anonymous_5)
FNDA:1,(anonymous_6)
FNDA:0,(anonymous_7)
FNDA:28,(anonymous_8)
FNDA:0,(anonymous_9)
FNDA:0,(anonymous_10)
FNDA:0,(anonymous_11)
FNDA:0,(anonymous_12)
FNDA:0,(anonymous_13)
FNDA:0,(anonymous_14)
FNDA:29,(anonymous_15)
FNDA:510,(anonymous_16)
FNDA:4,(anonymous_17)
FNDA:0,(anonymous_18)
FNDA:0,(anonymous_19)
FNDA:0,(anonymous_20)
FNDA:0,(anonymous_21)
FNDA:0,(anonymous_22)
FNDA:0,(anonymous_23)
FNDA:29,(anonymous_24)
FNDA:506,(anonymous_25)
DA:62,1
DA:63,1
DA:65,1
DA:66,1
DA:77,1
DA:80,1
DA:82,1
DA:121,11
DA:139,11
DA:142,11
DA:145,11
DA:154,32
DA:155,1
DA:160,31
DA:164,11
DA:165,20
DA:169,0
DA:173,31
DA:174,11
DA:182,11
DA:192,20
DA:196,21
DA:209,18
DA:210,17
DA:211,17
DA:213,17
DA:222,29
DA:223,29
DA:224,29
DA:227,29
DA:243,11
DA:249,2
DA:250,2
DA:251,2
DA:253,2
DA:258,2
DA:269,11
DA:275,1
DA:276,1
DA:277,1
DA:278,1
DA:279,1
DA:282,1
DA:292,1
DA:293,1
DA:305,1
DA:307,1
DA:323,11
DA:329,0
DA:331,0
DA:332,0
DA:333,0
DA:334,0
DA:335,0
DA:338,0
DA:339,0
DA:351,0
DA:354,0
DA:357,0
DA:358,0
DA:365,0
DA:369,28
DA:371,28
DA:372,12
DA:376,11
DA:382,0
DA:383,0
DA:384,0
DA:386,0
DA:391,0
DA:394,11
DA:400,0
DA:401,0
DA:403,0
DA:407,0
DA:408,0
DA:409,0
DA:411,0
DA:414,0
DA:416,0
DA:417,0
DA:418,0
DA:419,0
DA:420,0
DA:423,0
DA:424,0
DA:428,0
DA:430,0
DA:431,0
DA:434,0
DA:438,0
DA:441,0
DA:450,0
DA:453,0
DA:461,11
DA:467,0
DA:468,0
DA:469,0
DA:471,0
DA:474,0
DA:477,0
DA:478,0
DA:485,0
DA:493,29
DA:494,29
DA:504,1
DA:507,1
DA:541,510
DA:542,506
DA:543,506
DA:560,506
DA:561,506
DA:567,506
DA:571,506
DA:574,506
DA:577,506
DA:579,506
DA:622,11
DA:623,4
DA:624,4
DA:629,4
DA:634,0
DA:647,4
DA:650,4
DA:651,4
DA:652,1
DA:653,0
DA:655,1
DA:657,3
DA:659,3
DA:661,3
DA:662,3
DA:668,3
DA:669,2
DA:678,2
DA:686,2
DA:700,1
DA:701,1
DA:702,1
DA:703,1
DA:704,1
DA:709,11
DA:710,0
DA:711,0
DA:713,0
DA:714,0
DA:719,0
DA:727,11
DA:728,0
DA:729,0
DA:730,0
DA:737,0
DA:738,0
DA:742,11
DA:743,0
DA:744,0
DA:745,0
DA:748,11
DA:749,0
DA:750,0
DA:751,0
DA:752,0
DA:753,0
DA:756,0
DA:758,0
DA:760,0
DA:764,29
DA:766,29
DA:767,29
DA:772,29
DA:783,506
LF:171
LH:98
BRDA:154,0,0,1
BRDA:154,0,1,31
BRDA:160,1,0,11
BRDA:160,1,1,20
BRDA:161,2,0,31
BRDA:161,2,1,20
BRDA:165,3,0,0
BRDA:165,3,1,20
BRDA:173,4,0,11
BRDA:173,4,1,20
BRDA:200,5,0,21
BRDA:200,5,1,17
BRDA:200,5,2,14
BRDA:200,5,3,13
BRDA:200,5,4,6
BRDA:209,6,0,17
BRDA:209,6,1,1
BRDA:222,7,0,0
BRDA:222,7,1,29
BRDA:224,8,0,5
BRDA:224,8,1,24
BRDA:251,9,0,0
BRDA:251,9,1,2
BRDA:279,10,0,0
BRDA:279,10,1,1
BRDA:308,11,0,0
BRDA:308,11,1,1
BRDA:329,12,0,0
BRDA:329,12,1,0
BRDA:335,13,0,0
BRDA:335,13,1,0
BRDA:354,14,0,0
BRDA:354,14,1,0
BRDA:369,15,0,0
BRDA:369,15,1,28
BRDA:371,16,0,12
BRDA:371,16,1,16
BRDA:384,17,0,0
BRDA:384,17,1,0
BRDA:407,18,0,0
BRDA:407,18,1,0
BRDA:407,19,0,0
BRDA:407,19,1,0
BRDA:414,20,0,0
BRDA:414,20,1,0
BRDA:419,21,0,0
BRDA:419,21,1,0
BRDA:420,22,0,0
BRDA:420,22,1,0
BRDA:423,23,0,0
BRDA:423,23,1,0
BRDA:424,24,0,0
BRDA:424,24,1,0
BRDA:428,25,0,0
BRDA:428,25,1,0
BRDA:438,26,0,0
BRDA:438,26,1,0
BRDA:454,27,0,0
BRDA:454,27,1,0
BRDA:474,28,0,0
BRDA:474,28,1,0
BRDA:494,29,0,28
BRDA:494,29,1,1
BRDA:518,30,0,1
BRDA:518,30,1,0
BRDA:541,31,0,4
BRDA:541,31,1,506
BRDA:541,32,0,510
BRDA:541,32,1,506
BRDA:543,33,0,0
BRDA:543,33,1,506
BRDA:567,34,0,4
BRDA:567,34,1,502
BRDA:569,35,0,502
BRDA:569,35,1,474
BRDA:571,36,0,0
BRDA:571,36,1,506
BRDA:573,37,0,506
BRDA:573,37,1,478
BRDA:574,38,0,506
BRDA:574,38,1,506
BRDA:577,39,0,506
BRDA:577,39,1,478
BRDA:577,39,2,0
BRDA:584,40,0,506
BRDA:584,40,1,378
BRDA:598,41,0,506
BRDA:598,41,1,406
BRDA:611,42,0,4
BRDA:611,42,1,502
BRDA:629,43,0,0
BRDA:629,43,1,4
BRDA:630,44,0,4
BRDA:630,44,1,0
BRDA:651,45,0,1
BRDA:651,45,1,3
BRDA:652,46,0,0
BRDA:652,46,1,1
BRDA:668,47,0,2
BRDA:668,47,1,1
BRDA:675,48,0,2
BRDA:675,48,1,1
BRDA:700,49,0,1
BRDA:700,49,1,0
BRDA:702,50,0,1
BRDA:702,50,1,0
BRDA:703,51,0,1
BRDA:703,51,1,0
BRDA:737,52,0,0
BRDA:737,52,1,0
BRDA:777,53,0,10
BRDA:777,53,1,19
BRDA:778,54,0,10
BRDA:778,54,1,19
BRDA:779,55,0,10
BRDA:779,55,1,19
BRDA:780,56,0,10
BRDA:780,56,1,19
BRDA:785,57,0,29
BRDA:785,57,1,10
BRDA:785,57,2,4
BRF:121
BRH:73
end_of_record
TN:
SF:lib/ReactGridLayoutPropTypes.js
FN:128,(anonymous_0)
FN:148,(anonymous_1)
FN:229,(anonymous_2)
FN:234,(anonymous_3)
FNF:4
FNH:4
FNDA:21,(anonymous_0)
FNDA:21,(anonymous_1)
FNDA:21,(anonymous_2)
FNDA:326,(anonymous_3)
DA:49,1
DA:54,1
DA:129,21
DA:133,0
DA:149,21
DA:151,21
DA:152,21
DA:230,21
DA:233,21
DA:234,21
DA:235,326
DA:236,322
DA:237,0
DA:243,322
LF:14
LH:12
BRDA:129,0,0,0
BRDA:129,0,1,21
BRDA:130,1,0,21
BRDA:130,1,1,0
BRDA:151,2,0,0
BRDA:151,2,1,21
BRDA:235,3,0,4
BRDA:235,3,1,322
BRDA:236,4,0,0
BRDA:236,4,1,322
BRF:10
BRH:6
end_of_record
TN:
SF:lib/ResponsiveReactGridLayout.jsx
FN:25,(anonymous_0)
FN:34,getIndentationValue
FN:127,(anonymous_2)
FN:134,(anonymous_3)
FN:177,(anonymous_4)
FN:202,(anonymous_5)
FN:226,(anonymous_6)
FN:239,(anonymous_7)
FN:250,(anonymous_8)
FN:318,(anonymous_9)
FNF:10
FNH:10
FNDA:12,(anonymous_0)
FNDA:26,getIndentationValue
FNDA:12,(anonymous_2)
FNDA:12,(anonymous_3)
FNDA:5,(anonymous_4)
FNDA:12,(anonymous_5)
FNDA:7,(anonymous_6)
FNDA:6,(anonymous_7)
FNDA:1,(anonymous_8)
FNDA:12,(anonymous_9)
DA:25,12
DA:39,26
DA:41,26
DA:96,1
DA:128,12
DA:129,0
DA:134,12
DA:135,12
DA:136,0
DA:140,12
DA:163,1
DA:175,5
DA:178,5
DA:179,5
DA:180,5
DA:183,5
DA:186,5
DA:195,5
DA:206,12
DA:208,5
DA:212,5
DA:220,5
DA:223,7
DA:228,7
DA:234,1
DA:239,5
DA:240,6
DA:251,1
DA:253,1
DA:256,1
DA:257,1
DA:258,1
DA:261,1
DA:267,1
DA:268,0
DA:271,1
DA:281,1
DA:290,1
DA:293,1
DA:294,1
DA:296,1
DA:303,1
DA:304,1
DA:310,1
DA:331,12
DA:334,12
LF:46
LH:43
BRDA:39,0,0,0
BRDA:39,0,1,26
BRDA:41,1,0,15
BRDA:41,1,1,11
BRDA:128,2,0,0
BRDA:128,2,1,12
BRDA:135,3,0,0
BRDA:135,3,1,12
BRDA:183,4,0,0
BRDA:183,4,1,5
BRDA:206,5,0,5
BRDA:206,5,1,7
BRDA:228,6,0,1
BRDA:228,6,1,6
BRDA:229,7,0,7
BRDA:229,7,1,6
BRDA:229,7,2,6
BRDA:229,7,3,6
BRDA:253,8,0,1
BRDA:253,8,1,0
BRDA:261,9,0,1
BRDA:261,9,1,0
BRDA:262,10,0,1
BRDA:262,10,1,0
BRDA:262,10,2,0
BRDA:267,11,0,0
BRDA:267,11,1,1
BRF:27
BRH:18
end_of_record
TN:
SF:lib/calculateUtils.js
FN:14,calcGridColWidth
FN:25,calcGridItemWHPx
FN:47,calcGridItemPosition
FN:93,calcXY
FN:128,calcWH
FN:151,clamp
FNF:6
FNH:6
FNDA:2156,calcGridColWidth
FNDA:4276,calcGridItemWHPx
FNDA:2137,calcGridItemPosition
FNDA:11,calcXY
FNDA:3,calcWH
FNDA:30,clamp
DA:15,2156
DA:16,2156
DA:31,4276
DA:32,3430
DA:55,2137
DA:56,2137
DA:57,2137
DA:60,2137
DA:61,0
DA:62,0
DA:66,2137
DA:67,2137
DA:71,2137
DA:72,14
DA:73,14
DA:77,2123
DA:78,2123
DA:81,2137
DA:100,11
DA:101,11
DA:110,11
DA:111,11
DA:114,11
DA:115,11
DA:116,11
DA:135,3
DA:136,3
DA:141,3
DA:142,3
DA:145,3
DA:146,3
DA:147,3
DA:156,30
LF:33
LH:31
BRDA:31,0,0,846
BRDA:31,0,1,3430
BRDA:60,1,0,0
BRDA:60,1,1,2137
BRDA:60,2,0,2137
BRDA:60,2,1,865
BRDA:71,3,0,14
BRDA:71,3,1,2123
BRDA:71,4,0,2137
BRDA:71,4,1,865
BRF:10
BRH:9
end_of_record
TN:
SF:lib/fastRGLPropsEqual.js
FNF:0
FNH:0
LF:0
LH:0
BRF:0
BRH:0
end_of_record
TN:
SF:lib/responsiveUtils.js
FN:30,getBreakpointFromWidth
FN:49,getColsFromBreakpoint
FN:77,findOrGenerateResponsiveLayout
FN:111,sortBreakpoints
FN:115,(anonymous_4)
FNF:5
FNH:5
FNDA:5,getBreakpointFromWidth
FNDA:6,getColsFromBreakpoint
FNDA:11,findOrGenerateResponsiveLayout
FNDA:6,sortBreakpoints
FNDA:24,(anonymous_4)
DA:34,5
DA:35,5
DA:36,5
DA:37,20
DA:38,20
DA:40,5
DA:53,6
DA:54,0
DA:60,6
DA:86,11
DA:88,1
DA:89,1
DA:90,1
DA:93,1
DA:94,2
DA:95,2
DA:96,1
DA:97,1
DA:100,1
DA:101,1
DA:114,6
DA:115,6
DA:116,24
LF:23
LH:22
BRDA:38,0,0,20
BRDA:38,0,1,0
BRDA:53,1,0,0
BRDA:53,1,1,6
BRDA:86,2,0,10
BRDA:86,2,1,1
BRDA:95,3,0,1
BRDA:95,3,1,1
BRDA:100,4,0,1
BRDA:100,4,1,0
BRF:10
BRH:7
end_of_record
TN:
SF:lib/utils.js
FN:87,bottom
FN:97,cloneLayout
FN:107,modifyLayout
FN:121,withLayoutItem
FN:135,cloneLayoutItem
FN:160,childrenEqual
FN:162,(anonymous_6)
FN:163,(anonymous_7)
FN:179,fastPositionEqual
FN:191,collides
FN:211,compact
FN:249,resolveCompactionCollision
FN:258,(anonymous_12)
FN:292,compactItem
FN:347,correctBounds
FN:380,getLayoutItem
FN:394,getFirstCollision
FN:403,getAllCollisions
FN:407,(anonymous_18)
FN:415,getStatics
FN:416,(anonymous_20)
FN:429,moveElement
FN:534,moveElementAwayFromCollision
FN:599,perc
FN:603,setTransform
FN:618,setTopLeft
FN:634,sortLayoutItems
FN:648,sortLayoutItemsByRowCol
FN:650,(anonymous_28)
FN:666,sortLayoutItemsByColRow
FN:667,(anonymous_30)
FN:686,synchronizeLayoutWithChildren
FN:697,(anonymous_32)
FN:751,validateLayout
FN:777,compactType
FN:784,log
FN:790,(anonymous_36)
FNF:37
FNH:35
FNDA:430,bottom
FNDA:13,cloneLayout
FNDA:0,modifyLayout
FNDA:0,withLayoutItem
FNDA:1032,cloneLayoutItem
FNDA:20,childrenEqual
FNDA:344,(anonymous_6)
FNDA:344,(anonymous_7)
FNDA:220,fastPositionEqual
FNDA:18990,collides
FNDA:35,compact
FNDA:368,resolveCompactionCollision
FNDA:8057,(anonymous_12)
FNDA:412,compactItem
FNDA:24,correctBounds
FNDA:888,getLayoutItem
FNDA:1554,getFirstCollision
FNDA:25,getAllCollisions
FNDA:122,(anonymous_18)
FNDA:59,getStatics
FNDA:818,(anonymous_20)
FNDA:25,moveElement
FNDA:13,moveElementAwayFromCollision
FNDA:376,perc
FNDA:221,setTransform
FNDA:203,setTopLeft
FNDA:60,sortLayoutItems
FNDA:50,sortLayoutItemsByRowCol
FNDA:1389,(anonymous_28)
FNDA:5,sortLayoutItemsByColRow
FNDA:12,(anonymous_30)
FNDA:23,synchronizeLayoutWithChildren
FNDA:383,(anonymous_32)
FNDA:46,validateLayout
FNDA:26,compactType
FNDA:45,log
FNDA:10,(anonymous_36)
DA:78,2
DA:79,2
DA:88,430
DA:90,430
DA:91,4782
DA:92,4782
DA:94,430
DA:98,13
DA:99,13
DA:100,215
DA:102,13
DA:108,0
DA:109,0
DA:110,0
DA:111,0
DA:113,0
DA:116,0
DA:126,0
DA:127,0
DA:128,0
DA:130,0
DA:131,0
DA:136,1032
DA:161,20
DA:162,344
DA:163,344
DA:176,2
DA:180,220
DA:192,18990
DA:193,18905
DA:194,10480
DA:195,3018
DA:196,868
DA:197,706
DA:217,35
DA:219,35
DA:221,35
DA:223,35
DA:224,436
DA:227,436
DA:228,412
DA:232,412
DA:236,436
DA:239,436
DA:242,35
DA:245,2
DA:255,368
DA:256,368
DA:257,368
DA:259,8057
DA:264,368
DA:265,1765
DA:267,1765
DA:271,1635
DA:273,1329
DA:274,78
DA:283,368
DA:299,412
DA:300,412
DA:301,412
DA:305,399
DA:307,399
DA:308,507
DA:310,13
DA:312,7
DA:313,7
DA:319,412
DA:320,290
DA:321,4
DA:323,286
DA:326,290
DA:327,0
DA:328,0
DA:333,412
DA:334,412
DA:336,412
DA:351,24
DA:352,24
DA:353,382
DA:355,382
DA:357,382
DA:358,0
DA:359,0
DA:361,382
DA:365,20
DA:366,40
DA:370,24
DA:381,888
DA:382,10312
DA:398,1554
DA:399,17537
DA:407,122
DA:416,818
DA:442,25
DA:445,25
DA:447,25
DA:450,25
DA:451,25
DA:454,25
DA:455,25
DA:456,25
DA:462,25
DA:464,25
DA:470,25
DA:471,25
DA:472,25
DA:476,25
DA:479,2
DA:480,23
DA:484,2
DA:485,2
DA:486,2
DA:487,2
DA:488,2
DA:492,21
DA:493,15
DA:494,15
DA:499,15
DA:502,13
DA:503,0
DA:512,13
DA:523,21
DA:542,13
DA:544,13
DA:545,13
DA:550,13
DA:552,9
DA:555,9
DA:564,9
DA:565,3
DA:568,3
DA:581,10
DA:600,376
DA:605,221
DA:606,221
DA:619,203
DA:638,60
DA:639,55
DA:640,6
DA:650,50
DA:651,1389
DA:652,954
DA:653,435
DA:655,54
DA:657,381
DA:667,5
DA:668,12
DA:669,9
DA:671,3
DA:693,23
DA:696,23
DA:697,23
DA:699,383
DA:702,379
DA:703,379
DA:704,369
DA:706,10
DA:707,0
DA:712,10
DA:715,10
DA:716,10
DA:717,10
DA:720,10
DA:724,0
DA:738,23
DA:739,23
DA:755,46
DA:756,46
DA:757,0
DA:758,46
DA:759,538
DA:760,538
DA:761,2152
DA:762,1
DA:780,26
DA:781,26
DA:785,45
DA:787,0
DA:790,2
LF:179
LH:159
BRDA:92,0,0,1438
BRDA:92,0,1,3344
BRDA:110,1,0,0
BRDA:110,1,1,0
BRDA:127,2,0,0
BRDA:127,2,1,0
BRDA:181,3,0,220
BRDA:181,3,1,197
BRDA:181,3,2,196
BRDA:181,3,3,190
BRDA:192,4,0,85
BRDA:192,4,1,18905
BRDA:193,5,0,8425
BRDA:193,5,1,10480
BRDA:194,6,0,7462
BRDA:194,6,1,3018
BRDA:195,7,0,2150
BRDA:195,7,1,868
BRDA:196,8,0,162
BRDA:196,8,1,706
BRDA:227,9,0,412
BRDA:227,9,1,24
BRDA:267,10,0,130
BRDA:267,10,1,1635
BRDA:271,11,0,306
BRDA:271,11,1,1329
BRDA:273,12,0,78
BRDA:273,12,1,1251
BRDA:301,13,0,399
BRDA:301,13,1,13
BRDA:307,14,0,906
BRDA:307,14,1,773
BRDA:310,15,0,7
BRDA:310,15,1,6
BRDA:312,16,0,14
BRDA:312,16,1,10
BRDA:320,17,0,4
BRDA:320,17,1,286
BRDA:326,18,0,0
BRDA:326,18,1,290
BRDA:326,19,0,290
BRDA:326,19,1,4
BRDA:355,20,0,0
BRDA:355,20,1,382
BRDA:357,21,0,0
BRDA:357,21,1,382
BRDA:361,22,0,362
BRDA:361,22,1,20
BRDA:382,23,0,878
BRDA:382,23,1,9434
BRDA:399,24,0,605
BRDA:399,24,1,16932
BRDA:442,25,0,0
BRDA:442,25,1,25
BRDA:442,26,0,25
BRDA:442,26,1,0
BRDA:445,27,0,0
BRDA:445,27,1,25
BRDA:445,28,0,25
BRDA:445,28,1,4
BRDA:454,29,0,13
BRDA:454,29,1,12
BRDA:455,30,0,24
BRDA:455,30,1,1
BRDA:464,31,0,19
BRDA:464,31,1,6
BRDA:464,32,0,25
BRDA:464,32,1,19
BRDA:466,33,0,2
BRDA:466,33,1,4
BRDA:466,34,0,6
BRDA:466,34,1,2
BRDA:470,35,0,7
BRDA:470,35,1,18
BRDA:476,36,0,2
BRDA:476,36,1,23
BRDA:476,37,0,25
BRDA:476,37,1,16
BRDA:480,38,0,2
BRDA:480,38,1,21
BRDA:480,39,0,23
BRDA:480,39,1,14
BRDA:499,40,0,2
BRDA:499,40,1,13
BRDA:502,41,0,0
BRDA:502,41,1,13
BRDA:550,42,0,9
BRDA:550,42,1,4
BRDA:556,43,0,1
BRDA:556,43,1,8
BRDA:557,44,0,8
BRDA:557,44,1,1
BRDA:564,45,0,3
BRDA:564,45,1,6
BRDA:571,46,0,1
BRDA:571,46,1,2
BRDA:572,47,0,2
BRDA:572,47,1,1
BRDA:584,48,0,0
BRDA:584,48,1,10
BRDA:585,49,0,10
BRDA:585,49,1,0
BRDA:638,50,0,5
BRDA:638,50,1,55
BRDA:639,51,0,49
BRDA:639,51,1,6
BRDA:651,52,0,954
BRDA:651,52,1,435
BRDA:651,53,0,1389
BRDA:651,53,1,626
BRDA:651,53,2,357
BRDA:653,54,0,54
BRDA:653,54,1,381
BRDA:653,55,0,435
BRDA:653,55,1,166
BRDA:668,56,0,9
BRDA:668,56,1,3
BRDA:668,57,0,12
BRDA:668,57,1,4
BRDA:668,57,2,3
BRDA:693,58,0,23
BRDA:693,58,1,0
BRDA:699,59,0,4
BRDA:699,59,1,379
BRDA:703,60,0,369
BRDA:703,60,1,10
BRDA:706,61,0,0
BRDA:706,61,1,10
BRDA:706,62,0,10
BRDA:706,62,1,10
BRDA:712,63,0,10
BRDA:712,63,1,0
BRDA:715,64,0,10
BRDA:715,64,1,0
BRDA:716,65,0,10
BRDA:716,65,1,0
BRDA:739,66,0,0
BRDA:739,66,1,23
BRDA:753,67,0,3
BRDA:756,68,0,0
BRDA:756,68,1,46
BRDA:761,69,0,1
BRDA:761,69,1,2151
BRDA:780,70,0,26
BRDA:780,70,1,0
BRDA:781,71,0,1
BRDA:781,71,1,25
BRDA:785,72,0,45
BRDA:785,72,1,0
BRF:149
BRH:127
end_of_record
TN:
SF:lib/components/WidthProvider.jsx
FN:38,WidthProvideRGL
FN:62,(anonymous_1)
FN:71,(anonymous_2)
FN:76,(anonymous_3)
FN:86,(anonymous_4)
FNF:5
FNH:4
FNDA:3,WidthProvideRGL
FNDA:8,(anonymous_1)
FNDA:0,(anonymous_2)
FNDA:15,(anonymous_3)
FNDA:14,(anonymous_4)
DA:30,1
DA:41,3
DA:45,3
DA:49,3
DA:55,8
DA:59,8
DA:60,8
DA:63,8
DA:64,8
DA:68,8
DA:72,0
DA:73,0
DA:76,8
DA:77,15
DA:78,15
DA:81,15
DA:82,2
DA:87,14
DA:88,14
DA:89,1
DA:99,13
LF:21
LH:19
BRDA:77,0,0,0
BRDA:77,0,1,15
BRDA:81,1,0,2
BRDA:81,1,1,13
BRDA:81,2,0,15
BRDA:81,2,1,15
BRDA:88,3,0,1
BRDA:88,3,1,13
BRDA:88,4,0,14
BRDA:88,4,1,2
BRF:10
BRH:9
end_of_record
TN:
SF:test/examples/0-showcase.jsx
FN:27,(anonymous_0)
FN:38,(anonymous_1)
FN:42,(anonymous_2)
FN:43,(anonymous_3)
FN:61,(anonymous_4)
FN:67,(anonymous_5)
FN:78,(anonymous_6)
FN:82,(anonymous_7)
FN:88,(anonymous_8)
FN:92,(anonymous_9)
FN:129,generateLayout
FN:130,(anonymous_11)
FN:144,(anonymous_12)
FNF:13
FNH:8
FNDA:1,(anonymous_0)
FNDA:1,(anonymous_1)
FNDA:2,(anonymous_2)
FNDA:50,(anonymous_3)
FNDA:0,(anonymous_4)
FNDA:0,(anonymous_5)
FNDA:1,(anonymous_6)
FNDA:0,(anonymous_7)
FNDA:0,(anonymous_8)
FNDA:2,(anonymous_9)
FNDA:1,generateLayout
FNDA:25,(anonymous_11)
FNDA:0,(anonymous_12)
DA:8,1
DA:24,1
DA:31,1
DA:39,1
DA:43,2
DA:44,50
DA:61,1
DA:62,0
DA:67,1
DA:68,0
DA:70,0
DA:75,0
DA:78,1
DA:79,1
DA:82,1
DA:83,0
DA:88,1
DA:89,0
DA:94,2
DA:130,1
DA:131,25
DA:132,25
DA:143,1
DA:144,0
LF:24
LH:17
BRDA:45,0,0,4
BRDA:45,0,1,46
BRDA:46,1,0,4
BRDA:46,1,1,46
BRDA:70,2,0,0
BRDA:70,2,1,0
BRDA:72,3,0,0
BRDA:72,3,1,0
BRDA:102,4,0,2
BRDA:102,4,1,0
BRDA:143,5,0,0
BRDA:143,5,1,1
BRF:12
BRH:6
end_of_record
TN:
SF:test/examples/1-basic.jsx
FN:12,(anonymous_0)
FN:16,(anonymous_1)
FN:23,(anonymous_2)
FN:24,(anonymous_3)
FN:33,(anonymous_4)
FN:35,(anonymous_5)
FN:47,(anonymous_6)
FN:51,(anonymous_7)
FN:65,(anonymous_8)
FNF:9
FNH:7
FNDA:4,(anonymous_0)
FNDA:4,(anonymous_1)
FNDA:4,(anonymous_2)
FNDA:80,(anonymous_3)
FNDA:4,(anonymous_4)
FNDA:80,(anonymous_5)
FNDA:0,(anonymous_6)
FNDA:4,(anonymous_7)
FNDA:0,(anonymous_8)
DA:5,1
DA:8,1
DA:17,4
DA:19,4
DA:20,4
DA:24,4
DA:25,80
DA:34,4
DA:35,4
DA:36,80
DA:37,80
DA:48,0
DA:52,4
DA:64,1
DA:65,0
LF:15
LH:13
BRDA:36,0,0,80
BRDA:36,0,1,80
BRDA:64,1,0,0
BRDA:64,1,1,1
BRF:4
BRH:3
end_of_record
TN:
SF:test/examples/15-drag-from-outside.jsx
FN:10,(anonymous_0)
FN:21,(anonymous_1)
FN:25,(anonymous_2)
FN:26,(anonymous_3)
FN:44,(anonymous_4)
FN:50,(anonymous_5)
FN:61,(anonymous_6)
FN:65,(anonymous_7)
FN:71,(anonymous_8)
FN:75,(anonymous_9)
FN:98,(anonymous_10)
FN:124,generateLayout
FN:125,(anonymous_12)
FN:139,(anonymous_13)
FNF:14
FNH:8
FNDA:5,(anonymous_0)
FNDA:3,(anonymous_1)
FNDA:6,(anonymous_2)
FNDA:150,(anonymous_3)
FNDA:0,(anonymous_4)
FNDA:0,(anonymous_5)
FNDA:5,(anonymous_6)
FNDA:0,(anonymous_7)
FNDA:0,(anonymous_8)
FNDA:6,(anonymous_9)
FNDA:0,(anonymous_10)
FNDA:3,generateLayout
FNDA:75,(anonymous_12)
FNDA:0,(anonymous_13)
DA:4,1
DA:7,1
DA:14,3
DA:22,3
DA:26,6
DA:27,150
DA:44,3
DA:45,0
DA:50,3
DA:51,0
DA:53,0
DA:58,0
DA:61,3
DA:62,5
DA:65,3
DA:66,0
DA:71,3
DA:72,0
DA:76,6
DA:98,0
DA:125,3
DA:126,75
DA:127,75
DA:138,1
DA:139,0
LF:25
LH:17
BRDA:28,0,0,12
BRDA:28,0,1,138
BRDA:29,1,0,12
BRDA:29,1,1,138
BRDA:53,2,0,0
BRDA:53,2,1,0
BRDA:55,3,0,0
BRDA:55,3,1,0
BRDA:84,4,0,6
BRDA:84,4,1,0
BRDA:138,5,0,0
BRDA:138,5,1,1
BRF:12
BRH:6
end_of_record
TN:
SF:test/util/deepFreeze.js
FN:8,deepFreeze
FN:15,get
FN:21,(anonymous_2)
FN:43,set
FNF:4
FNH:4
FNDA:8,deepFreeze
FNDA:7,get
FNDA:1,(anonymous_2)
FNDA:1,set
DA:13,8
DA:14,8
DA:15,5
DA:21,7
DA:23,6
DA:24,2
DA:28,4
DA:34,1
DA:38,3
DA:42,8
DA:43,7
DA:49,1
DA:53,8
LF:13
LH:13
BRDA:10,0,0,2
BRDA:14,1,0,5
BRDA:14,1,1,3
BRDA:21,2,0,1
BRDA:21,2,1,6
BRDA:23,3,0,2
BRDA:23,3,1,4
BRDA:23,4,0,6
BRDA:23,4,1,2
BRDA:28,5,0,1
BRDA:28,5,1,3
BRDA:29,6,0,4
BRDA:29,6,1,1
BRDA:29,6,2,1
BRDA:29,6,3,1
BRDA:42,7,0,7
BRDA:42,7,1,1
BRF:17
BRH:17
end_of_record
